<?xml version="1.0" encoding="utf-8"?><testsuites name="pytest tests"><testsuite name="pytest" errors="0" failures="0" skipped="0" tests="21" time="1.972" timestamp="2026-03-14T02:24:00.614218+00:00" hostname="agent-env-a63cc613-e184-4599-9671-aaa77374f812"><testcase classname="backend.tests.test_zteeel_api.TestHealth" name="test_health_check" time="0.175" /><testcase classname="backend.tests.test_zteeel_api.TestAuth" name="test_register_customer" time="0.065" /><testcase classname="backend.tests.test_zteeel_api.TestAuth" name="test_login_customer" time="0.338" /><testcase classname="backend.tests.test_zteeel_api.TestAuth" name="test_login_vendor" time="0.277" /><testcase classname="backend.tests.test_zteeel_api.TestAuth" name="test_get_me" time="0.074" /><testcase classname="backend.tests.test_zteeel_api.TestAuth" name="test_login_invalid" time="0.059" /><testcase classname="backend.tests.test_zteeel_api.TestVendor" name="test_get_vendor_profile" time="0.063" /><testcase classname="backend.tests.test_zteeel_api.TestVendor" name="test_get_vendor_menu" time="0.056" /><testcase classname="backend.tests.test_zteeel_api.TestVendor" name="test_add_menu_item" time="0.058" /><testcase classname="backend.tests.test_zteeel_api.TestVendor" name="test_get_vendor_deals" time="0.068" /><testcase classname="backend.tests.test_zteeel_api.TestVendor" name="test_create_deal" time="0.055" /><testcase classname="backend.tests.test_zteeel_api.TestVendor" name="test_create_reward" time="0.058" /><testcase classname="backend.tests.test_zteeel_api.TestVendor" name="test_vendor_analytics" time="0.063" /><testcase classname="backend.tests.test_zteeel_api.TestCustomer" name="test_nearby_deals" time="0.073" /><testcase classname="backend.tests.test_zteeel_api.TestCustomer" name="test_nearby_vendors" time="0.057" /><testcase classname="backend.tests.test_zteeel_api.TestCustomer" name="test_vendor_menu_public" time="0.114" /><testcase classname="backend.tests.test_zteeel_api.TestCustomer" name="test_vendor_deals_public" time="0.052" /><testcase classname="backend.tests.test_zteeel_api.TestOrders" name="test_create_order" time="0.050" /><testcase classname="backend.tests.test_zteeel_api.TestOrders" name="test_get_orders" time="0.058" /><testcase classname="backend.tests.test_zteeel_api.TestPayments" name="test_create_payment_order" time="0.050" /><testcase classname="backend.tests.test_zteeel_api.TestPayments" name="test_verify_payment" time="0.052" /></testsuite></testsuites>